<?xml version="1.0" encoding="UTF-8" ?>
<testsuite errors="0" failures="0" hostname="vmi456563" name="model.TestCovid" skipped="0" tests="6" time="0.333" timestamp="2021-01-21T10:06:44">
  <properties>
[...]
</properties>
  <testcase classname="model.TestCovid" name="testvalidationNomComplet" time="0.003" />
  <testcase classname="model.TestCovid" name="testetat" time="0.003" />
  <testcase classname="model.TestCovid" name="testvalidationtelnonok" time="0.0" />
  <testcase classname="model.TestCovid" name="testvalidationcodepostale" time="0.001" />
  <testcase classname="model.TestCovid" name="testvalidationtel" time="0.0" />
  <testcase classname="model.TestCovid" name="testvalidationadresse" time="0.001" />
  <system-out><![CDATA[]]></system-out>
  <system-err><![CDATA[]]></system-err>
</testsuite>
